[0.019s] Invoking command in '/root/ros2_ws/src/endicott/build/endicott': CMAKE_PREFIX_PATH=/opt/ros/humble /usr/bin/cmake /root/ros2_ws/src/endicott -DCMAKE_INSTALL_PREFIX=/root/ros2_ws/src/endicott/install/endicott
[0.353s] -- The C compiler identification is GNU 11.4.0
[0.714s] -- The CXX compiler identification is GNU 11.4.0
[0.952s] -- Detecting C compiler ABI info
[1.088s] -- Detecting C compiler ABI info - done
[1.094s] -- Check for working C compiler: /usr/bin/cc - skipped
[1.095s] -- Detecting C compile features
[1.096s] -- Detecting C compile features - done
[1.101s] -- Detecting CXX compiler ABI info
[1.238s] -- Detecting CXX compiler ABI info - done
[1.244s] -- Check for working CXX compiler: /usr/bin/c++ - skipped
[1.244s] -- Detecting CXX compile features
[1.245s] -- Detecting CXX compile features - done
[1.264s] -- Found ament_cmake: 1.3.11 (/opt/ros/humble/share/ament_cmake/cmake)
[1.408s] -- Found Python3: /usr/bin/python3 (found version "3.10.12") found components: Interpreter 
[1.535s] -- Found ament_index_cpp: 1.4.0 (/opt/ros/humble/share/ament_index_cpp/cmake)
[1.538s] -- Found geometry_msgs: 4.2.4 (/opt/ros/humble/share/geometry_msgs/cmake)
[1.690s] -- Found rosidl_generator_c: 3.1.6 (/opt/ros/humble/share/rosidl_generator_c/cmake)
[1.695s] -- Found rosidl_adapter: 3.1.6 (/opt/ros/humble/share/rosidl_adapter/cmake)
[1.707s] -- Found rosidl_generator_cpp: 3.1.6 (/opt/ros/humble/share/rosidl_generator_cpp/cmake)
[1.731s] -- Using all available rosidl_typesupport_c: rosidl_typesupport_fastrtps_c;rosidl_typesupport_introspection_c
[1.753s] -- Using all available rosidl_typesupport_cpp: rosidl_typesupport_fastrtps_cpp;rosidl_typesupport_introspection_cpp
[1.818s] -- Found rclcpp: 16.0.11 (/opt/ros/humble/share/rclcpp/cmake)
[1.881s] -- Found rmw_implementation_cmake: 6.1.2 (/opt/ros/humble/share/rmw_implementation_cmake/cmake)
[1.884s] -- Found rmw_fastrtps_cpp: 6.2.7 (/opt/ros/humble/share/rmw_fastrtps_cpp/cmake)
[2.652s] -- Found OpenSSL: /usr/lib/x86_64-linux-gnu/libcrypto.so (found version "3.0.2")  
[3.493s] -- Found FastRTPS: /opt/ros/humble/include  
[4.934s] -- Using RMW implementation 'rmw_fastrtps_cpp' as default
[4.945s] -- Looking for pthread.h
[5.116s] -- Looking for pthread.h - found
[5.116s] -- Performing Test CMAKE_HAVE_LIBC_PTHREAD
[5.219s] -- Performing Test CMAKE_HAVE_LIBC_PTHREAD - Success
[5.220s] -- Found Threads: TRUE  
[5.277s] -- Found rclcpp_action: 16.0.11 (/opt/ros/humble/share/rclcpp_action/cmake)
[5.329s] -- Found std_srvs: 4.2.4 (/opt/ros/humble/share/std_srvs/cmake)
[5.344s] -- Found turtlesim: 1.4.2 (/opt/ros/humble/share/turtlesim/cmake)
[5.364s] -- Found ament_lint_auto: 0.12.11 (/opt/ros/humble/share/ament_lint_auto/cmake)
[5.460s] -- Added test 'cppcheck' to perform static code analysis on C / C++ code
[5.460s] -- Configured cppcheck include dirs: $<BUILD_INTERFACE:/root/ros2_ws/src/endicott/include>
[5.460s] -- Configured cppcheck exclude dirs and/or files: 
[5.463s] -- Added test 'lint_cmake' to check CMake code style
[5.469s] -- Added test 'uncrustify' to check C / C++ code style
[5.469s] -- Configured uncrustify additional arguments: 
[5.471s] -- Added test 'xmllint' to check XML markup files
[5.473s] -- Configuring done
[5.489s] -- Generating done
[5.494s] -- Build files have been written to: /root/ros2_ws/src/endicott/build/endicott
[5.503s] Invoked command in '/root/ros2_ws/src/endicott/build/endicott' returned '0': CMAKE_PREFIX_PATH=/opt/ros/humble /usr/bin/cmake /root/ros2_ws/src/endicott -DCMAKE_INSTALL_PREFIX=/root/ros2_ws/src/endicott/install/endicott
[5.505s] Invoking command in '/root/ros2_ws/src/endicott/build/endicott': CMAKE_PREFIX_PATH=/opt/ros/humble /usr/bin/cmake --build /root/ros2_ws/src/endicott/build/endicott -- -j8 -l8
[5.543s] [ 50%] [32mBuilding CXX object CMakeFiles/endicott_turtle_controler.dir/src/endicott_turtle_controler.cpp.o[0m
[13.081s] [100%] [32m[1mLinking CXX executable endicott_turtle_controler[0m
[13.608s] [100%] Built target endicott_turtle_controler
[13.623s] Invoked command in '/root/ros2_ws/src/endicott/build/endicott' returned '0': CMAKE_PREFIX_PATH=/opt/ros/humble /usr/bin/cmake --build /root/ros2_ws/src/endicott/build/endicott -- -j8 -l8
[13.634s] Invoking command in '/root/ros2_ws/src/endicott/build/endicott': CMAKE_PREFIX_PATH=/opt/ros/humble /usr/bin/cmake --install /root/ros2_ws/src/endicott/build/endicott
[13.639s] -- Install configuration: ""
[13.639s] -- Installing: /root/ros2_ws/src/endicott/install/endicott/lib/endicott/endicott_turtle_controler
[13.642s] -- Set runtime path of "/root/ros2_ws/src/endicott/install/endicott/lib/endicott/endicott_turtle_controler" to ""
[13.642s] -- Installing: /root/ros2_ws/src/endicott/install/endicott/share/ament_index/resource_index/package_run_dependencies/endicott
[13.643s] -- Installing: /root/ros2_ws/src/endicott/install/endicott/share/ament_index/resource_index/parent_prefix_path/endicott
[13.643s] -- Installing: /root/ros2_ws/src/endicott/install/endicott/share/endicott/environment/ament_prefix_path.sh
[13.644s] -- Installing: /root/ros2_ws/src/endicott/install/endicott/share/endicott/environment/ament_prefix_path.dsv
[13.644s] -- Installing: /root/ros2_ws/src/endicott/install/endicott/share/endicott/environment/path.sh
[13.644s] -- Installing: /root/ros2_ws/src/endicott/install/endicott/share/endicott/environment/path.dsv
[13.644s] -- Installing: /root/ros2_ws/src/endicott/install/endicott/share/endicott/local_setup.bash
[13.645s] -- Installing: /root/ros2_ws/src/endicott/install/endicott/share/endicott/local_setup.sh
[13.645s] -- Installing: /root/ros2_ws/src/endicott/install/endicott/share/endicott/local_setup.zsh
[13.645s] -- Installing: /root/ros2_ws/src/endicott/install/endicott/share/endicott/local_setup.dsv
[13.645s] -- Installing: /root/ros2_ws/src/endicott/install/endicott/share/endicott/package.dsv
[13.645s] -- Installing: /root/ros2_ws/src/endicott/install/endicott/share/ament_index/resource_index/packages/endicott
[13.646s] -- Installing: /root/ros2_ws/src/endicott/install/endicott/share/endicott/cmake/endicottConfig.cmake
[13.646s] -- Installing: /root/ros2_ws/src/endicott/install/endicott/share/endicott/cmake/endicottConfig-version.cmake
[13.646s] -- Installing: /root/ros2_ws/src/endicott/install/endicott/share/endicott/package.xml
[13.648s] Invoked command in '/root/ros2_ws/src/endicott/build/endicott' returned '0': CMAKE_PREFIX_PATH=/opt/ros/humble /usr/bin/cmake --install /root/ros2_ws/src/endicott/build/endicott
