[0.138s] DEBUG:colcon:Command line arguments: ['/usr/bin/colcon', 'build']
[0.139s] DEBUG:colcon:Parsed command line arguments: Namespace(log_base=None, log_level=None, verb_name='build', build_base='build', install_base='install', merge_install=False, symlink_install=False, test_result_base=None, continue_on_error=False, executor='parallel', parallel_workers=8, event_handlers=None, ignore_user_meta=False, metas=['./colcon.meta'], base_paths=['.'], packages_ignore=None, packages_ignore_regex=None, paths=None, packages_up_to=None, packages_up_to_regex=None, packages_above=None, packages_above_and_dependencies=None, packages_above_depth=None, packages_select_by_dep=None, packages_skip_by_dep=None, packages_skip_up_to=None, packages_select_build_failed=False, packages_skip_build_finished=False, packages_select_test_failures=False, packages_skip_test_passed=False, packages_select=None, packages_skip=None, packages_select_regex=None, packages_skip_regex=None, packages_start=None, packages_end=None, allow_overriding=[], cmake_args=None, cmake_target=None, cmake_target_skip_unavailable=False, cmake_clean_cache=False, cmake_clean_first=False, cmake_force_configure=False, ament_cmake_args=None, catkin_cmake_args=None, catkin_skip_building_tests=False, verb_parser=<colcon_defaults.argument_parser.defaults.DefaultArgumentsDecorator object at 0x7feb18936b60>, verb_extension=<colcon_core.verb.build.BuildVerb object at 0x7feb18935d20>, main=<bound method BuildVerb.main of <colcon_core.verb.build.BuildVerb object at 0x7feb18935d20>>)
[0.244s] Level 1:colcon.colcon_core.package_discovery:discover_packages(colcon_meta) check parameters
[0.245s] Level 1:colcon.colcon_core.package_discovery:discover_packages(recursive) check parameters
[0.245s] Level 1:colcon.colcon_core.package_discovery:discover_packages(ignore) check parameters
[0.245s] Level 1:colcon.colcon_core.package_discovery:discover_packages(path) check parameters
[0.245s] Level 1:colcon.colcon_core.package_discovery:discover_packages(colcon_meta) discover
[0.245s] Level 1:colcon.colcon_core.package_discovery:discover_packages(recursive) discover
[0.245s] INFO:colcon.colcon_core.package_discovery:Crawling recursively for packages in '/root/ros2_ws/src/endicott'
[0.245s] Level 1:colcon.colcon_core.package_identification:_identify(.) by extensions ['ignore', 'ignore_ament_install']
[0.245s] Level 1:colcon.colcon_core.package_identification:_identify(.) by extension 'ignore'
[0.245s] Level 1:colcon.colcon_core.package_identification:_identify(.) by extension 'ignore_ament_install'
[0.245s] Level 1:colcon.colcon_core.package_identification:_identify(.) by extensions ['colcon_pkg']
[0.245s] Level 1:colcon.colcon_core.package_identification:_identify(.) by extension 'colcon_pkg'
[0.245s] Level 1:colcon.colcon_core.package_identification:_identify(.) by extensions ['colcon_meta']
[0.245s] Level 1:colcon.colcon_core.package_identification:_identify(.) by extension 'colcon_meta'
[0.245s] Level 1:colcon.colcon_core.package_identification:_identify(.) by extensions ['ros']
[0.245s] Level 1:colcon.colcon_core.package_identification:_identify(.) by extension 'ros'
[0.255s] DEBUG:colcon.colcon_core.package_identification:Package '.' with type 'ros.ament_cmake' and name 'endicott'
[0.255s] Level 1:colcon.colcon_core.package_discovery:discover_packages(recursive) using defaults
[0.255s] Level 1:colcon.colcon_core.package_discovery:discover_packages(ignore) discover
[0.255s] Level 1:colcon.colcon_core.package_discovery:discover_packages(ignore) using defaults
[0.255s] Level 1:colcon.colcon_core.package_discovery:discover_packages(path) discover
[0.255s] Level 1:colcon.colcon_core.package_discovery:discover_packages(path) using defaults
[0.269s] Level 1:colcon.colcon_core.package_discovery:discover_packages(prefix_path) check parameters
[0.269s] Level 1:colcon.colcon_core.package_discovery:discover_packages(prefix_path) discover
[0.270s] DEBUG:colcon.colcon_installed_package_information.package_discovery:Found 0 installed packages in /root/ros2_ws/src/endicott/build/endicott/install
[0.271s] DEBUG:colcon.colcon_installed_package_information.package_discovery:Found 2 installed packages in /root/ros2_ws/install
[0.272s] DEBUG:colcon.colcon_installed_package_information.package_discovery:Found 271 installed packages in /opt/ros/humble
[0.274s] Level 1:colcon.colcon_core.package_discovery:discover_packages(prefix_path) using defaults
[0.307s] Level 5:colcon.colcon_core.verb:set package 'endicott' build argument 'cmake_args' from command line to 'None'
[0.308s] Level 5:colcon.colcon_core.verb:set package 'endicott' build argument 'cmake_target' from command line to 'None'
[0.308s] Level 5:colcon.colcon_core.verb:set package 'endicott' build argument 'cmake_target_skip_unavailable' from command line to 'False'
[0.308s] Level 5:colcon.colcon_core.verb:set package 'endicott' build argument 'cmake_clean_cache' from command line to 'False'
[0.308s] Level 5:colcon.colcon_core.verb:set package 'endicott' build argument 'cmake_clean_first' from command line to 'False'
[0.308s] Level 5:colcon.colcon_core.verb:set package 'endicott' build argument 'cmake_force_configure' from command line to 'False'
[0.308s] Level 5:colcon.colcon_core.verb:set package 'endicott' build argument 'ament_cmake_args' from command line to 'None'
[0.308s] Level 5:colcon.colcon_core.verb:set package 'endicott' build argument 'catkin_cmake_args' from command line to 'None'
[0.308s] Level 5:colcon.colcon_core.verb:set package 'endicott' build argument 'catkin_skip_building_tests' from command line to 'False'
[0.308s] DEBUG:colcon.colcon_core.verb:Building package 'endicott' with the following arguments: {'ament_cmake_args': None, 'build_base': '/root/ros2_ws/src/endicott/build/endicott', 'catkin_cmake_args': None, 'catkin_skip_building_tests': False, 'cmake_args': None, 'cmake_clean_cache': False, 'cmake_clean_first': False, 'cmake_force_configure': False, 'cmake_target': None, 'cmake_target_skip_unavailable': False, 'install_base': '/root/ros2_ws/src/endicott/install/endicott', 'merge_install': False, 'path': '/root/ros2_ws/src/endicott', 'symlink_install': False, 'test_result_base': None}
[0.308s] INFO:colcon.colcon_core.executor:Executing jobs using 'parallel' executor
[0.309s] DEBUG:colcon.colcon_parallel_executor.executor.parallel:run_until_complete
[0.310s] INFO:colcon.colcon_ros.task.ament_cmake.build:Building ROS package in '/root/ros2_ws/src/endicott' with build type 'ament_cmake'
[0.310s] INFO:colcon.colcon_cmake.task.cmake.build:Building CMake package in '/root/ros2_ws/src/endicott'
[0.312s] INFO:colcon.colcon_core.plugin_system:Skipping extension 'colcon_core.shell.bat': Not used on non-Windows systems
[0.312s] INFO:colcon.colcon_core.shell:Skip shell extension 'powershell' for command environment: Not usable outside of PowerShell
[0.312s] DEBUG:colcon.colcon_core.shell:Skip shell extension 'dsv' for command environment
[0.324s] DEBUG:colcon.colcon_core.event_handler.log_command:Invoking command in '/root/ros2_ws/src/endicott/build/endicott': CMAKE_PREFIX_PATH=${CMAKE_PREFIX_PATH}:/opt/ros/humble /usr/bin/cmake --build /root/ros2_ws/src/endicott/build/endicott -- -j8 -l8
[4.570s] DEBUG:colcon.colcon_core.event_handler.log_command:Invoked command in '/root/ros2_ws/src/endicott/build/endicott' returned '2': CMAKE_PREFIX_PATH=${CMAKE_PREFIX_PATH}:/opt/ros/humble /usr/bin/cmake --build /root/ros2_ws/src/endicott/build/endicott -- -j8 -l8
[4.570s] Level 1:colcon.colcon_core.environment:create_environment_scripts_only(endicott)
[4.573s] Level 1:colcon.colcon_core.environment:checking '/root/ros2_ws/src/endicott/install/endicott' for CMake module files
[4.574s] Level 1:colcon.colcon_core.environment:checking '/root/ros2_ws/src/endicott/install/endicott' for CMake config files
[4.574s] Level 1:colcon.colcon_core.shell:create_environment_hook('endicott', 'cmake_prefix_path')
[4.574s] INFO:colcon.colcon_core.shell:Creating environment hook '/root/ros2_ws/src/endicott/install/endicott/share/endicott/hook/cmake_prefix_path.ps1'
[4.575s] INFO:colcon.colcon_core.shell:Creating environment descriptor '/root/ros2_ws/src/endicott/install/endicott/share/endicott/hook/cmake_prefix_path.dsv'
[4.576s] INFO:colcon.colcon_core.shell:Creating environment hook '/root/ros2_ws/src/endicott/install/endicott/share/endicott/hook/cmake_prefix_path.sh'
[4.577s] Level 1:colcon.colcon_core.environment:checking '/root/ros2_ws/src/endicott/install/endicott/lib'
[4.577s] Level 1:colcon.colcon_core.environment:checking '/root/ros2_ws/src/endicott/install/endicott/bin'
[4.577s] Level 1:colcon.colcon_core.environment:checking '/root/ros2_ws/src/endicott/install/endicott/lib/pkgconfig/endicott.pc'
[4.577s] Level 1:colcon.colcon_core.environment:checking '/root/ros2_ws/src/endicott/install/endicott/lib/python3.10/site-packages'
[4.577s] Level 1:colcon.colcon_core.environment:checking '/root/ros2_ws/src/endicott/install/endicott/bin'
[4.578s] INFO:colcon.colcon_core.shell:Creating package script '/root/ros2_ws/src/endicott/install/endicott/share/endicott/package.ps1'
[4.578s] INFO:colcon.colcon_core.shell:Creating package descriptor '/root/ros2_ws/src/endicott/install/endicott/share/endicott/package.dsv'
[4.579s] INFO:colcon.colcon_core.shell:Creating package script '/root/ros2_ws/src/endicott/install/endicott/share/endicott/package.sh'
[4.580s] INFO:colcon.colcon_core.shell:Creating package script '/root/ros2_ws/src/endicott/install/endicott/share/endicott/package.bash'
[4.580s] INFO:colcon.colcon_core.shell:Creating package script '/root/ros2_ws/src/endicott/install/endicott/share/endicott/package.zsh'
[4.581s] Level 1:colcon.colcon_core.environment:create_file_with_runtime_dependencies(/root/ros2_ws/src/endicott/install/endicott/share/colcon-core/packages/endicott)
[4.592s] DEBUG:colcon.colcon_parallel_executor.executor.parallel:closing loop
[4.592s] DEBUG:colcon.colcon_parallel_executor.executor.parallel:loop closed
[4.592s] DEBUG:colcon.colcon_parallel_executor.executor.parallel:run_until_complete finished with '2'
[4.592s] DEBUG:colcon.colcon_core.event_reactor:joining thread
[4.630s] INFO:colcon.colcon_core.plugin_system:Skipping extension 'colcon_notification.desktop_notification.notify_send': Could not find 'notify-send'
[4.630s] INFO:colcon.colcon_core.plugin_system:Skipping extension 'colcon_notification.desktop_notification.terminal_notifier': Not used on non-Darwin systems
[4.630s] INFO:colcon.colcon_core.plugin_system:Skipping extension 'colcon_notification.desktop_notification.win32': Not used on non-Windows systems
[4.630s] INFO:colcon.colcon_notification.desktop_notification:Sending desktop notification using 'notify2'
[4.631s] DEBUG:colcon.colcon_notification.desktop_notification.notify2:Failed to initialize notify2: org.freedesktop.DBus.Error.ServiceUnknown: The name org.freedesktop.Notifications was not provided by any .service files
[4.631s] DEBUG:colcon.colcon_core.event_reactor:joined thread
[4.632s] INFO:colcon.colcon_core.shell:Creating prefix script '/root/ros2_ws/src/endicott/install/local_setup.ps1'
[4.632s] INFO:colcon.colcon_core.shell:Creating prefix util module '/root/ros2_ws/src/endicott/install/_local_setup_util_ps1.py'
[4.634s] INFO:colcon.colcon_core.shell:Creating prefix chain script '/root/ros2_ws/src/endicott/install/setup.ps1'
[4.634s] INFO:colcon.colcon_core.shell:Creating prefix script '/root/ros2_ws/src/endicott/install/local_setup.sh'
[4.635s] INFO:colcon.colcon_core.shell:Creating prefix util module '/root/ros2_ws/src/endicott/install/_local_setup_util_sh.py'
[4.635s] INFO:colcon.colcon_core.shell:Creating prefix chain script '/root/ros2_ws/src/endicott/install/setup.sh'
[4.636s] INFO:colcon.colcon_core.shell:Creating prefix script '/root/ros2_ws/src/endicott/install/local_setup.bash'
[4.637s] INFO:colcon.colcon_core.shell:Creating prefix chain script '/root/ros2_ws/src/endicott/install/setup.bash'
[4.638s] INFO:colcon.colcon_core.shell:Creating prefix script '/root/ros2_ws/src/endicott/install/local_setup.zsh'
[4.639s] INFO:colcon.colcon_core.shell:Creating prefix chain script '/root/ros2_ws/src/endicott/install/setup.zsh'
