[0.131s] DEBUG:colcon:Command line arguments: ['/usr/bin/colcon', 'build']
[0.131s] DEBUG:colcon:Parsed command line arguments: Namespace(log_base=None, log_level=None, verb_name='build', build_base='build', install_base='install', merge_install=False, symlink_install=False, test_result_base=None, continue_on_error=False, executor='parallel', parallel_workers=8, event_handlers=None, ignore_user_meta=False, metas=['./colcon.meta'], base_paths=['.'], packages_ignore=None, packages_ignore_regex=None, paths=None, packages_up_to=None, packages_up_to_regex=None, packages_above=None, packages_above_and_dependencies=None, packages_above_depth=None, packages_select_by_dep=None, packages_skip_by_dep=None, packages_skip_up_to=None, packages_select_build_failed=False, packages_skip_build_finished=False, packages_select_test_failures=False, packages_skip_test_passed=False, packages_select=None, packages_skip=None, packages_select_regex=None, packages_skip_regex=None, packages_start=None, packages_end=None, allow_overriding=[], cmake_args=None, cmake_target=None, cmake_target_skip_unavailable=False, cmake_clean_cache=False, cmake_clean_first=False, cmake_force_configure=False, ament_cmake_args=None, catkin_cmake_args=None, catkin_skip_building_tests=False, verb_parser=<colcon_defaults.argument_parser.defaults.DefaultArgumentsDecorator object at 0x7f3d2621ab60>, verb_extension=<colcon_core.verb.build.BuildVerb object at 0x7f3d26219d20>, main=<bound method BuildVerb.main of <colcon_core.verb.build.BuildVerb object at 0x7f3d26219d20>>)
[0.245s] Level 1:colcon.colcon_core.package_discovery:discover_packages(colcon_meta) check parameters
[0.245s] Level 1:colcon.colcon_core.package_discovery:discover_packages(recursive) check parameters
[0.245s] Level 1:colcon.colcon_core.package_discovery:discover_packages(ignore) check parameters
[0.245s] Level 1:colcon.colcon_core.package_discovery:discover_packages(path) check parameters
[0.245s] Level 1:colcon.colcon_core.package_discovery:discover_packages(colcon_meta) discover
[0.245s] Level 1:colcon.colcon_core.package_discovery:discover_packages(recursive) discover
[0.245s] INFO:colcon.colcon_core.package_discovery:Crawling recursively for packages in '/root/ros2_ws/src/endicott'
[0.245s] Level 1:colcon.colcon_core.package_identification:_identify(.) by extensions ['ignore', 'ignore_ament_install']
[0.245s] Level 1:colcon.colcon_core.package_identification:_identify(.) by extension 'ignore'
[0.246s] Level 1:colcon.colcon_core.package_identification:_identify(.) by extension 'ignore_ament_install'
[0.246s] Level 1:colcon.colcon_core.package_identification:_identify(.) by extensions ['colcon_pkg']
[0.246s] Level 1:colcon.colcon_core.package_identification:_identify(.) by extension 'colcon_pkg'
[0.246s] Level 1:colcon.colcon_core.package_identification:_identify(.) by extensions ['colcon_meta']
[0.246s] Level 1:colcon.colcon_core.package_identification:_identify(.) by extension 'colcon_meta'
[0.246s] Level 1:colcon.colcon_core.package_identification:_identify(.) by extensions ['ros']
[0.246s] Level 1:colcon.colcon_core.package_identification:_identify(.) by extension 'ros'
[0.257s] DEBUG:colcon.colcon_core.package_identification:Package '.' with type 'ros.ament_cmake' and name 'endicott'
[0.257s] Level 1:colcon.colcon_core.package_discovery:discover_packages(recursive) using defaults
[0.257s] Level 1:colcon.colcon_core.package_discovery:discover_packages(ignore) discover
[0.257s] Level 1:colcon.colcon_core.package_discovery:discover_packages(ignore) using defaults
[0.257s] Level 1:colcon.colcon_core.package_discovery:discover_packages(path) discover
[0.257s] Level 1:colcon.colcon_core.package_discovery:discover_packages(path) using defaults
[0.270s] Level 1:colcon.colcon_core.package_discovery:discover_packages(prefix_path) check parameters
[0.270s] Level 1:colcon.colcon_core.package_discovery:discover_packages(prefix_path) discover
[0.273s] DEBUG:colcon.colcon_installed_package_information.package_discovery:Found 0 installed packages in /root/ros2_ws/src/endicott/build/endicott/install
[0.273s] DEBUG:colcon.colcon_installed_package_information.package_discovery:Found 2 installed packages in /root/ros2_ws/install
[0.274s] DEBUG:colcon.colcon_installed_package_information.package_discovery:Found 271 installed packages in /opt/ros/humble
[0.276s] Level 1:colcon.colcon_core.package_discovery:discover_packages(prefix_path) using defaults
[0.308s] Level 5:colcon.colcon_core.verb:set package 'endicott' build argument 'cmake_args' from command line to 'None'
[0.308s] Level 5:colcon.colcon_core.verb:set package 'endicott' build argument 'cmake_target' from command line to 'None'
[0.308s] Level 5:colcon.colcon_core.verb:set package 'endicott' build argument 'cmake_target_skip_unavailable' from command line to 'False'
[0.308s] Level 5:colcon.colcon_core.verb:set package 'endicott' build argument 'cmake_clean_cache' from command line to 'False'
[0.308s] Level 5:colcon.colcon_core.verb:set package 'endicott' build argument 'cmake_clean_first' from command line to 'False'
[0.308s] Level 5:colcon.colcon_core.verb:set package 'endicott' build argument 'cmake_force_configure' from command line to 'False'
[0.308s] Level 5:colcon.colcon_core.verb:set package 'endicott' build argument 'ament_cmake_args' from command line to 'None'
[0.308s] Level 5:colcon.colcon_core.verb:set package 'endicott' build argument 'catkin_cmake_args' from command line to 'None'
[0.309s] Level 5:colcon.colcon_core.verb:set package 'endicott' build argument 'catkin_skip_building_tests' from command line to 'False'
[0.309s] DEBUG:colcon.colcon_core.verb:Building package 'endicott' with the following arguments: {'ament_cmake_args': None, 'build_base': '/root/ros2_ws/src/endicott/build/endicott', 'catkin_cmake_args': None, 'catkin_skip_building_tests': False, 'cmake_args': None, 'cmake_clean_cache': False, 'cmake_clean_first': False, 'cmake_force_configure': False, 'cmake_target': None, 'cmake_target_skip_unavailable': False, 'install_base': '/root/ros2_ws/src/endicott/install/endicott', 'merge_install': False, 'path': '/root/ros2_ws/src/endicott', 'symlink_install': False, 'test_result_base': None}
[0.309s] INFO:colcon.colcon_core.executor:Executing jobs using 'parallel' executor
[0.310s] DEBUG:colcon.colcon_parallel_executor.executor.parallel:run_until_complete
[0.310s] INFO:colcon.colcon_ros.task.ament_cmake.build:Building ROS package in '/root/ros2_ws/src/endicott' with build type 'ament_cmake'
[0.311s] INFO:colcon.colcon_cmake.task.cmake.build:Building CMake package in '/root/ros2_ws/src/endicott'
[0.313s] INFO:colcon.colcon_core.plugin_system:Skipping extension 'colcon_core.shell.bat': Not used on non-Windows systems
[0.313s] INFO:colcon.colcon_core.shell:Skip shell extension 'powershell' for command environment: Not usable outside of PowerShell
[0.313s] DEBUG:colcon.colcon_core.shell:Skip shell extension 'dsv' for command environment
[0.325s] DEBUG:colcon.colcon_core.event_handler.log_command:Invoking command in '/root/ros2_ws/src/endicott/build/endicott': CMAKE_PREFIX_PATH=${CMAKE_PREFIX_PATH}:/opt/ros/humble /usr/bin/cmake --build /root/ros2_ws/src/endicott/build/endicott -- -j8 -l8
[8.008s] DEBUG:colcon.colcon_core.event_handler.log_command:Invoked command in '/root/ros2_ws/src/endicott/build/endicott' returned '0': CMAKE_PREFIX_PATH=${CMAKE_PREFIX_PATH}:/opt/ros/humble /usr/bin/cmake --build /root/ros2_ws/src/endicott/build/endicott -- -j8 -l8
[8.017s] DEBUG:colcon.colcon_core.event_handler.log_command:Invoking command in '/root/ros2_ws/src/endicott/build/endicott': CMAKE_PREFIX_PATH=${CMAKE_PREFIX_PATH}:/opt/ros/humble /usr/bin/cmake --install /root/ros2_ws/src/endicott/build/endicott
[8.034s] Level 1:colcon.colcon_core.environment:create_environment_scripts_only(endicott)
[8.035s] DEBUG:colcon.colcon_core.event_handler.log_command:Invoked command in '/root/ros2_ws/src/endicott/build/endicott' returned '0': CMAKE_PREFIX_PATH=${CMAKE_PREFIX_PATH}:/opt/ros/humble /usr/bin/cmake --install /root/ros2_ws/src/endicott/build/endicott
[8.038s] Level 1:colcon.colcon_core.environment:checking '/root/ros2_ws/src/endicott/install/endicott' for CMake module files
[8.038s] Level 1:colcon.colcon_core.environment:checking '/root/ros2_ws/src/endicott/install/endicott' for CMake config files
[8.038s] Level 1:colcon.colcon_core.shell:create_environment_hook('endicott', 'cmake_prefix_path')
[8.039s] INFO:colcon.colcon_core.shell:Creating environment hook '/root/ros2_ws/src/endicott/install/endicott/share/endicott/hook/cmake_prefix_path.ps1'
[8.039s] INFO:colcon.colcon_core.shell:Creating environment descriptor '/root/ros2_ws/src/endicott/install/endicott/share/endicott/hook/cmake_prefix_path.dsv'
[8.040s] INFO:colcon.colcon_core.shell:Creating environment hook '/root/ros2_ws/src/endicott/install/endicott/share/endicott/hook/cmake_prefix_path.sh'
[8.041s] Level 1:colcon.colcon_core.environment:checking '/root/ros2_ws/src/endicott/install/endicott/lib'
[8.041s] Level 1:colcon.colcon_core.environment:checking '/root/ros2_ws/src/endicott/install/endicott/bin'
[8.041s] Level 1:colcon.colcon_core.environment:checking '/root/ros2_ws/src/endicott/install/endicott/lib/pkgconfig/endicott.pc'
[8.041s] Level 1:colcon.colcon_core.environment:checking '/root/ros2_ws/src/endicott/install/endicott/lib/python3.10/site-packages'
[8.041s] Level 1:colcon.colcon_core.environment:checking '/root/ros2_ws/src/endicott/install/endicott/bin'
[8.042s] INFO:colcon.colcon_core.shell:Creating package script '/root/ros2_ws/src/endicott/install/endicott/share/endicott/package.ps1'
[8.042s] INFO:colcon.colcon_core.shell:Creating package descriptor '/root/ros2_ws/src/endicott/install/endicott/share/endicott/package.dsv'
[8.043s] INFO:colcon.colcon_core.shell:Creating package script '/root/ros2_ws/src/endicott/install/endicott/share/endicott/package.sh'
[8.044s] INFO:colcon.colcon_core.shell:Creating package script '/root/ros2_ws/src/endicott/install/endicott/share/endicott/package.bash'
[8.044s] INFO:colcon.colcon_core.shell:Creating package script '/root/ros2_ws/src/endicott/install/endicott/share/endicott/package.zsh'
[8.045s] Level 1:colcon.colcon_core.environment:create_file_with_runtime_dependencies(/root/ros2_ws/src/endicott/install/endicott/share/colcon-core/packages/endicott)
[8.046s] Level 1:colcon.colcon_core.environment:create_environment_scripts_only(endicott)
[8.046s] Level 1:colcon.colcon_core.environment:checking '/root/ros2_ws/src/endicott/install/endicott' for CMake module files
[8.046s] Level 1:colcon.colcon_core.environment:checking '/root/ros2_ws/src/endicott/install/endicott' for CMake config files
[8.046s] Level 1:colcon.colcon_core.shell:create_environment_hook('endicott', 'cmake_prefix_path')
[8.047s] INFO:colcon.colcon_core.shell:Creating environment hook '/root/ros2_ws/src/endicott/install/endicott/share/endicott/hook/cmake_prefix_path.ps1'
[8.047s] INFO:colcon.colcon_core.shell:Creating environment descriptor '/root/ros2_ws/src/endicott/install/endicott/share/endicott/hook/cmake_prefix_path.dsv'
[8.047s] INFO:colcon.colcon_core.shell:Creating environment hook '/root/ros2_ws/src/endicott/install/endicott/share/endicott/hook/cmake_prefix_path.sh'
[8.048s] Level 1:colcon.colcon_core.environment:checking '/root/ros2_ws/src/endicott/install/endicott/lib'
[8.048s] Level 1:colcon.colcon_core.environment:checking '/root/ros2_ws/src/endicott/install/endicott/bin'
[8.048s] Level 1:colcon.colcon_core.environment:checking '/root/ros2_ws/src/endicott/install/endicott/lib/pkgconfig/endicott.pc'
[8.048s] Level 1:colcon.colcon_core.environment:checking '/root/ros2_ws/src/endicott/install/endicott/lib/python3.10/site-packages'
[8.049s] Level 1:colcon.colcon_core.environment:checking '/root/ros2_ws/src/endicott/install/endicott/bin'
[8.049s] INFO:colcon.colcon_core.shell:Creating package script '/root/ros2_ws/src/endicott/install/endicott/share/endicott/package.ps1'
[8.050s] INFO:colcon.colcon_core.shell:Creating package descriptor '/root/ros2_ws/src/endicott/install/endicott/share/endicott/package.dsv'
[8.051s] INFO:colcon.colcon_core.shell:Creating package script '/root/ros2_ws/src/endicott/install/endicott/share/endicott/package.sh'
[8.051s] INFO:colcon.colcon_core.shell:Creating package script '/root/ros2_ws/src/endicott/install/endicott/share/endicott/package.bash'
[8.052s] INFO:colcon.colcon_core.shell:Creating package script '/root/ros2_ws/src/endicott/install/endicott/share/endicott/package.zsh'
[8.052s] Level 1:colcon.colcon_core.environment:create_file_with_runtime_dependencies(/root/ros2_ws/src/endicott/install/endicott/share/colcon-core/packages/endicott)
[8.052s] DEBUG:colcon.colcon_parallel_executor.executor.parallel:closing loop
[8.053s] DEBUG:colcon.colcon_parallel_executor.executor.parallel:loop closed
[8.053s] DEBUG:colcon.colcon_parallel_executor.executor.parallel:run_until_complete finished with '0'
[8.054s] DEBUG:colcon.colcon_core.event_reactor:joining thread
[8.083s] INFO:colcon.colcon_core.plugin_system:Skipping extension 'colcon_notification.desktop_notification.notify_send': Could not find 'notify-send'
[8.083s] INFO:colcon.colcon_core.plugin_system:Skipping extension 'colcon_notification.desktop_notification.terminal_notifier': Not used on non-Darwin systems
[8.084s] INFO:colcon.colcon_core.plugin_system:Skipping extension 'colcon_notification.desktop_notification.win32': Not used on non-Windows systems
[8.084s] INFO:colcon.colcon_notification.desktop_notification:Sending desktop notification using 'notify2'
[8.086s] DEBUG:colcon.colcon_notification.desktop_notification.notify2:Failed to initialize notify2: org.freedesktop.DBus.Error.ServiceUnknown: The name org.freedesktop.Notifications was not provided by any .service files
[8.086s] DEBUG:colcon.colcon_core.event_reactor:joined thread
[8.086s] INFO:colcon.colcon_core.shell:Creating prefix script '/root/ros2_ws/src/endicott/install/local_setup.ps1'
[8.087s] INFO:colcon.colcon_core.shell:Creating prefix util module '/root/ros2_ws/src/endicott/install/_local_setup_util_ps1.py'
[8.088s] INFO:colcon.colcon_core.shell:Creating prefix chain script '/root/ros2_ws/src/endicott/install/setup.ps1'
[8.089s] INFO:colcon.colcon_core.shell:Creating prefix script '/root/ros2_ws/src/endicott/install/local_setup.sh'
[8.090s] INFO:colcon.colcon_core.shell:Creating prefix util module '/root/ros2_ws/src/endicott/install/_local_setup_util_sh.py'
[8.090s] INFO:colcon.colcon_core.shell:Creating prefix chain script '/root/ros2_ws/src/endicott/install/setup.sh'
[8.091s] INFO:colcon.colcon_core.shell:Creating prefix script '/root/ros2_ws/src/endicott/install/local_setup.bash'
[8.092s] INFO:colcon.colcon_core.shell:Creating prefix chain script '/root/ros2_ws/src/endicott/install/setup.bash'
[8.092s] INFO:colcon.colcon_core.shell:Creating prefix script '/root/ros2_ws/src/endicott/install/local_setup.zsh'
[8.093s] INFO:colcon.colcon_core.shell:Creating prefix chain script '/root/ros2_ws/src/endicott/install/setup.zsh'
