[0.014s] Invoking command in '/root/ros2_ws/src/endicott/build/endicott': CMAKE_PREFIX_PATH=${CMAKE_PREFIX_PATH}:/opt/ros/humble /usr/bin/cmake /root/ros2_ws/src/endicott -DCMAKE_BUILD_TYPE=RelWithDebInfo -DAMENT_CMAKE_SYMLINK_INSTALL=1 -DCMAKE_INSTALL_PREFIX=/root/ros2_ws/src/endicott/install/endicott
[0.041s] -- Found ament_cmake: 1.3.11 (/opt/ros/humble/share/ament_cmake/cmake)
[0.186s] -- Override CMake install command with custom implementation using symlinks instead of copying resources
[0.219s] -- Found ament_index_cpp: 1.4.0 (/opt/ros/humble/share/ament_index_cpp/cmake)
[0.221s] -- Found geometry_msgs: 4.2.4 (/opt/ros/humble/share/geometry_msgs/cmake)
[0.343s] -- Found rosidl_generator_c: 3.1.6 (/opt/ros/humble/share/rosidl_generator_c/cmake)
[0.348s] -- Found rosidl_adapter: 3.1.6 (/opt/ros/humble/share/rosidl_adapter/cmake)
[0.358s] -- Found rosidl_generator_cpp: 3.1.6 (/opt/ros/humble/share/rosidl_generator_cpp/cmake)
[0.373s] -- Using all available rosidl_typesupport_c: rosidl_typesupport_fastrtps_c;rosidl_typesupport_introspection_c
[0.393s] -- Using all available rosidl_typesupport_cpp: rosidl_typesupport_fastrtps_cpp;rosidl_typesupport_introspection_cpp
[0.454s] -- Found rclcpp: 16.0.11 (/opt/ros/humble/share/rclcpp/cmake)
[0.508s] -- Found rmw_implementation_cmake: 6.1.2 (/opt/ros/humble/share/rmw_implementation_cmake/cmake)
[0.512s] -- Found rmw_fastrtps_cpp: 6.2.7 (/opt/ros/humble/share/rmw_fastrtps_cpp/cmake)
[3.550s] -- Using RMW implementation 'rmw_fastrtps_cpp' as default
[3.605s] -- Found rclcpp_action: 16.0.11 (/opt/ros/humble/share/rclcpp_action/cmake)
[3.661s] -- Found std_srvs: 4.2.4 (/opt/ros/humble/share/std_srvs/cmake)
[3.681s] -- Found turtlesim: 1.4.2 (/opt/ros/humble/share/turtlesim/cmake)
[3.713s] -- Found ament_lint_auto: 0.12.11 (/opt/ros/humble/share/ament_lint_auto/cmake)
[3.810s] -- Added test 'cppcheck' to perform static code analysis on C / C++ code
[3.810s] -- Configured cppcheck include dirs: $<BUILD_INTERFACE:/root/ros2_ws/src/endicott/include>
[3.810s] -- Configured cppcheck exclude dirs and/or files: 
[3.812s] -- Added test 'flake8' to check Python code syntax and style conventions
[3.816s] -- Added test 'lint_cmake' to check CMake code style
[3.819s] -- Added test 'pep257' to check Python code against some of the docstring style conventions in PEP 257
[3.828s] -- Added test 'uncrustify' to check C / C++ code style
[3.828s] -- Configured uncrustify additional arguments: 
[3.830s] -- Added test 'xmllint' to check XML markup files
[3.835s] -- Configuring done
[3.856s] -- Generating done
[3.860s] -- Build files have been written to: /root/ros2_ws/src/endicott/build/endicott
[3.867s] Invoked command in '/root/ros2_ws/src/endicott/build/endicott' returned '0': CMAKE_PREFIX_PATH=${CMAKE_PREFIX_PATH}:/opt/ros/humble /usr/bin/cmake /root/ros2_ws/src/endicott -DCMAKE_BUILD_TYPE=RelWithDebInfo -DAMENT_CMAKE_SYMLINK_INSTALL=1 -DCMAKE_INSTALL_PREFIX=/root/ros2_ws/src/endicott/install/endicott
[3.871s] Invoking command in '/root/ros2_ws/src/endicott/build/endicott': CMAKE_PREFIX_PATH=${CMAKE_PREFIX_PATH}:/opt/ros/humble /usr/bin/cmake --build /root/ros2_ws/src/endicott/build/endicott -- -j8 -l8
[3.901s] [35m[1mConsolidate compiler generated dependencies of target endicott_turtle_controler[0m
[3.917s] [ 50%] [32mBuilding CXX object CMakeFiles/endicott_turtle_controler.dir/src/endicott_turtle_controler.cpp.o[0m
[16.550s] [100%] [32m[1mLinking CXX executable endicott_turtle_controler[0m
[16.890s] [100%] Built target endicott_turtle_controler
[16.900s] Invoked command in '/root/ros2_ws/src/endicott/build/endicott' returned '0': CMAKE_PREFIX_PATH=${CMAKE_PREFIX_PATH}:/opt/ros/humble /usr/bin/cmake --build /root/ros2_ws/src/endicott/build/endicott -- -j8 -l8
[16.912s] Invoking command in '/root/ros2_ws/src/endicott/build/endicott': CMAKE_PREFIX_PATH=${CMAKE_PREFIX_PATH}:/opt/ros/humble /usr/bin/cmake --install /root/ros2_ws/src/endicott/build/endicott
[16.918s] -- Install configuration: "RelWithDebInfo"
[16.919s] -- Execute custom install script
[16.919s] -- Symlinking: /root/ros2_ws/src/endicott/install/endicott/lib/endicott/endicott_turtle_controler
[16.933s] -- Symlinking: /root/ros2_ws/src/endicott/install/endicott/share/ament_index/resource_index/package_run_dependencies/endicott
[16.940s] -- Symlinking: /root/ros2_ws/src/endicott/install/endicott/share/ament_index/resource_index/parent_prefix_path/endicott
[16.950s] -- Symlinking: /root/ros2_ws/src/endicott/install/endicott/share/endicott/environment/ament_prefix_path.sh
[16.958s] -- Symlinking: /root/ros2_ws/src/endicott/install/endicott/share/endicott/environment/ament_prefix_path.dsv
[16.965s] -- Symlinking: /root/ros2_ws/src/endicott/install/endicott/share/endicott/environment/path.sh
[16.971s] -- Symlinking: /root/ros2_ws/src/endicott/install/endicott/share/endicott/environment/path.dsv
[16.982s] -- Symlinking: /root/ros2_ws/src/endicott/install/endicott/share/endicott/local_setup.bash
[16.991s] -- Symlinking: /root/ros2_ws/src/endicott/install/endicott/share/endicott/local_setup.sh
[16.999s] -- Symlinking: /root/ros2_ws/src/endicott/install/endicott/share/endicott/local_setup.zsh
[17.006s] -- Symlinking: /root/ros2_ws/src/endicott/install/endicott/share/endicott/local_setup.dsv
[17.014s] -- Symlinking: /root/ros2_ws/src/endicott/install/endicott/share/endicott/package.dsv
[17.021s] -- Symlinking: /root/ros2_ws/src/endicott/install/endicott/share/ament_index/resource_index/packages/endicott
[17.032s] -- Symlinking: /root/ros2_ws/src/endicott/install/endicott/share/endicott/cmake/endicottConfig.cmake
[17.039s] -- Symlinking: /root/ros2_ws/src/endicott/install/endicott/share/endicott/cmake/endicottConfig-version.cmake
[17.049s] -- Symlinking: /root/ros2_ws/src/endicott/install/endicott/share/endicott/package.xml
[17.059s] Invoked command in '/root/ros2_ws/src/endicott/build/endicott' returned '0': CMAKE_PREFIX_PATH=${CMAKE_PREFIX_PATH}:/opt/ros/humble /usr/bin/cmake --install /root/ros2_ws/src/endicott/build/endicott
