-- Found ament_cmake: 1.3.11 (/opt/ros/humble/share/ament_cmake/cmake)
-- Override CMake install command with custom implementation using symlinks instead of copying resources
-- Found ament_index_cpp: 1.4.0 (/opt/ros/humble/share/ament_index_cpp/cmake)
-- Found geometry_msgs: 4.2.4 (/opt/ros/humble/share/geometry_msgs/cmake)
-- Found rosidl_generator_c: 3.1.6 (/opt/ros/humble/share/rosidl_generator_c/cmake)
-- Found rosidl_adapter: 3.1.6 (/opt/ros/humble/share/rosidl_adapter/cmake)
-- Found rosidl_generator_cpp: 3.1.6 (/opt/ros/humble/share/rosidl_generator_cpp/cmake)
-- Using all available rosidl_typesupport_c: rosidl_typesupport_fastrtps_c;rosidl_typesupport_introspection_c
-- Using all available rosidl_typesupport_cpp: rosidl_typesupport_fastrtps_cpp;rosidl_typesupport_introspection_cpp
-- Found rclcpp: 16.0.11 (/opt/ros/humble/share/rclcpp/cmake)
-- Found rmw_implementation_cmake: 6.1.2 (/opt/ros/humble/share/rmw_implementation_cmake/cmake)
-- Found rmw_fastrtps_cpp: 6.2.7 (/opt/ros/humble/share/rmw_fastrtps_cpp/cmake)
-- Using RMW implementation 'rmw_fastrtps_cpp' as default
-- Found rclcpp_action: 16.0.11 (/opt/ros/humble/share/rclcpp_action/cmake)
-- Found std_srvs: 4.2.4 (/opt/ros/humble/share/std_srvs/cmake)
-- Found turtlesim: 1.4.2 (/opt/ros/humble/share/turtlesim/cmake)
-- Found ament_lint_auto: 0.12.11 (/opt/ros/humble/share/ament_lint_auto/cmake)
-- Added test 'cppcheck' to perform static code analysis on C / C++ code
-- Configured cppcheck include dirs: $<BUILD_INTERFACE:/root/ros2_ws/src/endicott/include>
-- Configured cppcheck exclude dirs and/or files: 
-- Added test 'flake8' to check Python code syntax and style conventions
-- Added test 'lint_cmake' to check CMake code style
-- Added test 'pep257' to check Python code against some of the docstring style conventions in PEP 257
-- Added test 'uncrustify' to check C / C++ code style
-- Configured uncrustify additional arguments: 
-- Added test 'xmllint' to check XML markup files
-- Configuring done
-- Generating done
-- Build files have been written to: /root/ros2_ws/src/endicott/build/endicott
[35m[1mConsolidate compiler generated dependencies of target endicott_turtle_controler[0m
[100%] Built target endicott_turtle_controler
-- Install configuration: "RelWithDebInfo"
-- Execute custom install script
-- Up-to-date symlink: /root/ros2_ws/src/endicott/install/endicott/lib/endicott/endicott_turtle_controler
-- Up-to-date symlink: /root/ros2_ws/src/endicott/install/endicott/share/ament_index/resource_index/package_run_dependencies/endicott
-- Up-to-date symlink: /root/ros2_ws/src/endicott/install/endicott/share/ament_index/resource_index/parent_prefix_path/endicott
-- Up-to-date symlink: /root/ros2_ws/src/endicott/install/endicott/share/endicott/environment/ament_prefix_path.sh
-- Up-to-date symlink: /root/ros2_ws/src/endicott/install/endicott/share/endicott/environment/ament_prefix_path.dsv
-- Up-to-date symlink: /root/ros2_ws/src/endicott/install/endicott/share/endicott/environment/path.sh
-- Up-to-date symlink: /root/ros2_ws/src/endicott/install/endicott/share/endicott/environment/path.dsv
-- Up-to-date symlink: /root/ros2_ws/src/endicott/install/endicott/share/endicott/local_setup.bash
-- Up-to-date symlink: /root/ros2_ws/src/endicott/install/endicott/share/endicott/local_setup.sh
-- Up-to-date symlink: /root/ros2_ws/src/endicott/install/endicott/share/endicott/local_setup.zsh
-- Up-to-date symlink: /root/ros2_ws/src/endicott/install/endicott/share/endicott/local_setup.dsv
-- Symlinking: /root/ros2_ws/src/endicott/install/endicott/share/endicott/package.dsv
-- Up-to-date symlink: /root/ros2_ws/src/endicott/install/endicott/share/ament_index/resource_index/packages/endicott
-- Up-to-date symlink: /root/ros2_ws/src/endicott/install/endicott/share/endicott/cmake/endicottConfig.cmake
-- Up-to-date symlink: /root/ros2_ws/src/endicott/install/endicott/share/endicott/cmake/endicottConfig-version.cmake
-- Up-to-date symlink: /root/ros2_ws/src/endicott/install/endicott/share/endicott/package.xml
