[0.009s] Invoking command in '/root/ros2_ws/src/endicott/build/endicott': CMAKE_PREFIX_PATH=${CMAKE_PREFIX_PATH}:/opt/ros/humble /usr/bin/cmake /root/ros2_ws/src/endicott -DCMAKE_INSTALL_PREFIX=/root/ros2_ws/src/endicott/install/endicott
[0.021s] -- Found ament_cmake: 1.3.11 (/opt/ros/humble/share/ament_cmake/cmake)
[0.126s] -- Override CMake install command with custom implementation using symlinks instead of copying resources
[0.133s] -- Found ament_index_cpp: 1.4.0 (/opt/ros/humble/share/ament_index_cpp/cmake)
[0.133s] -- Found geometry_msgs: 4.2.4 (/opt/ros/humble/share/geometry_msgs/cmake)
[0.233s] -- Found rosidl_generator_c: 3.1.6 (/opt/ros/humble/share/rosidl_generator_c/cmake)
[0.235s] -- Found rosidl_adapter: 3.1.6 (/opt/ros/humble/share/rosidl_adapter/cmake)
[0.239s] -- Found rosidl_generator_cpp: 3.1.6 (/opt/ros/humble/share/rosidl_generator_cpp/cmake)
[0.247s] -- Using all available rosidl_typesupport_c: rosidl_typesupport_fastrtps_c;rosidl_typesupport_introspection_c
[0.255s] -- Using all available rosidl_typesupport_cpp: rosidl_typesupport_fastrtps_cpp;rosidl_typesupport_introspection_cpp
[0.283s] -- Found rclcpp: 16.0.11 (/opt/ros/humble/share/rclcpp/cmake)
[0.300s] -- Found rmw_implementation_cmake: 6.1.2 (/opt/ros/humble/share/rmw_implementation_cmake/cmake)
[0.302s] -- Found rmw_fastrtps_cpp: 6.2.7 (/opt/ros/humble/share/rmw_fastrtps_cpp/cmake)
[3.253s] -- Using RMW implementation 'rmw_fastrtps_cpp' as default
[3.282s] -- Found rclcpp_action: 16.0.11 (/opt/ros/humble/share/rclcpp_action/cmake)
[3.304s] -- Found std_srvs: 4.2.4 (/opt/ros/humble/share/std_srvs/cmake)
[3.312s] -- Found turtlesim: 1.4.2 (/opt/ros/humble/share/turtlesim/cmake)
[3.323s] -- Found ament_lint_auto: 0.12.11 (/opt/ros/humble/share/ament_lint_auto/cmake)
[3.402s] -- Added test 'cppcheck' to perform static code analysis on C / C++ code
[3.402s] -- Configured cppcheck include dirs: $<BUILD_INTERFACE:/root/ros2_ws/src/endicott/include>
[3.403s] -- Configured cppcheck exclude dirs and/or files: 
[3.405s] -- Added test 'flake8' to check Python code syntax and style conventions
[3.411s] -- Added test 'lint_cmake' to check CMake code style
[3.413s] -- Added test 'pep257' to check Python code against some of the docstring style conventions in PEP 257
[3.428s] -- Added test 'uncrustify' to check C / C++ code style
[3.428s] -- Configured uncrustify additional arguments: 
[3.430s] -- Added test 'xmllint' to check XML markup files
[3.430s] -- Configuring done
[3.439s] -- Generating done
[3.448s] -- Build files have been written to: /root/ros2_ws/src/endicott/build/endicott
[3.455s] Invoked command in '/root/ros2_ws/src/endicott/build/endicott' returned '0': CMAKE_PREFIX_PATH=${CMAKE_PREFIX_PATH}:/opt/ros/humble /usr/bin/cmake /root/ros2_ws/src/endicott -DCMAKE_INSTALL_PREFIX=/root/ros2_ws/src/endicott/install/endicott
[3.456s] Invoking command in '/root/ros2_ws/src/endicott/build/endicott': CMAKE_PREFIX_PATH=${CMAKE_PREFIX_PATH}:/opt/ros/humble /usr/bin/cmake --build /root/ros2_ws/src/endicott/build/endicott -- -j8 -l8
[3.485s] [35m[1mConsolidate compiler generated dependencies of target endicott_turtle_controler[0m
[3.499s] [100%] Built target endicott_turtle_controler
[3.507s] Invoked command in '/root/ros2_ws/src/endicott/build/endicott' returned '0': CMAKE_PREFIX_PATH=${CMAKE_PREFIX_PATH}:/opt/ros/humble /usr/bin/cmake --build /root/ros2_ws/src/endicott/build/endicott -- -j8 -l8
[3.516s] Invoking command in '/root/ros2_ws/src/endicott/build/endicott': CMAKE_PREFIX_PATH=${CMAKE_PREFIX_PATH}:/opt/ros/humble /usr/bin/cmake --install /root/ros2_ws/src/endicott/build/endicott
[3.521s] -- Install configuration: "RelWithDebInfo"
[3.521s] -- Execute custom install script
[3.522s] -- Up-to-date symlink: /root/ros2_ws/src/endicott/install/endicott/lib/endicott/endicott_turtle_controler
[3.522s] -- Up-to-date symlink: /root/ros2_ws/src/endicott/install/endicott/share/ament_index/resource_index/package_run_dependencies/endicott
[3.522s] -- Up-to-date symlink: /root/ros2_ws/src/endicott/install/endicott/share/ament_index/resource_index/parent_prefix_path/endicott
[3.522s] -- Up-to-date symlink: /root/ros2_ws/src/endicott/install/endicott/share/endicott/environment/ament_prefix_path.sh
[3.523s] -- Up-to-date symlink: /root/ros2_ws/src/endicott/install/endicott/share/endicott/environment/ament_prefix_path.dsv
[3.523s] -- Up-to-date symlink: /root/ros2_ws/src/endicott/install/endicott/share/endicott/environment/path.sh
[3.523s] -- Up-to-date symlink: /root/ros2_ws/src/endicott/install/endicott/share/endicott/environment/path.dsv
[3.523s] -- Up-to-date symlink: /root/ros2_ws/src/endicott/install/endicott/share/endicott/local_setup.bash
[3.523s] -- Up-to-date symlink: /root/ros2_ws/src/endicott/install/endicott/share/endicott/local_setup.sh
[3.524s] -- Up-to-date symlink: /root/ros2_ws/src/endicott/install/endicott/share/endicott/local_setup.zsh
[3.524s] -- Up-to-date symlink: /root/ros2_ws/src/endicott/install/endicott/share/endicott/local_setup.dsv
[3.524s] -- Symlinking: /root/ros2_ws/src/endicott/install/endicott/share/endicott/package.dsv
[3.531s] -- Up-to-date symlink: /root/ros2_ws/src/endicott/install/endicott/share/ament_index/resource_index/packages/endicott
[3.531s] -- Up-to-date symlink: /root/ros2_ws/src/endicott/install/endicott/share/endicott/cmake/endicottConfig.cmake
[3.531s] -- Up-to-date symlink: /root/ros2_ws/src/endicott/install/endicott/share/endicott/cmake/endicottConfig-version.cmake
[3.531s] -- Up-to-date symlink: /root/ros2_ws/src/endicott/install/endicott/share/endicott/package.xml
[3.533s] Invoked command in '/root/ros2_ws/src/endicott/build/endicott' returned '0': CMAKE_PREFIX_PATH=${CMAKE_PREFIX_PATH}:/opt/ros/humble /usr/bin/cmake --install /root/ros2_ws/src/endicott/build/endicott
