[0.014s] Invoking command in '/root/ros2_ws/src/endicott/build/endicott': CMAKE_PREFIX_PATH=${CMAKE_PREFIX_PATH}:/opt/ros/humble /usr/bin/cmake --build /root/ros2_ws/src/endicott/build/endicott -- -j8 -l8
[0.046s] [35m[1mConsolidate compiler generated dependencies of target endicott_turtle_controler[0m
[0.062s] [ 50%] [32mBuilding CXX object CMakeFiles/endicott_turtle_controler.dir/src/endicott_turtle_controler.cpp.o[0m
[7.079s] [100%] [32m[1mLinking CXX executable endicott_turtle_controler[0m
[7.684s] [100%] Built target endicott_turtle_controler
[7.696s] Invoked command in '/root/ros2_ws/src/endicott/build/endicott' returned '0': CMAKE_PREFIX_PATH=${CMAKE_PREFIX_PATH}:/opt/ros/humble /usr/bin/cmake --build /root/ros2_ws/src/endicott/build/endicott -- -j8 -l8
[7.705s] Invoking command in '/root/ros2_ws/src/endicott/build/endicott': CMAKE_PREFIX_PATH=${CMAKE_PREFIX_PATH}:/opt/ros/humble /usr/bin/cmake --install /root/ros2_ws/src/endicott/build/endicott
[7.714s] -- Install configuration: ""
[7.717s] -- Installing: /root/ros2_ws/src/endicott/install/endicott/lib/endicott/endicott_turtle_controler
[7.720s] -- Set runtime path of "/root/ros2_ws/src/endicott/install/endicott/lib/endicott/endicott_turtle_controler" to ""
[7.721s] -- Up-to-date: /root/ros2_ws/src/endicott/install/endicott/share/ament_index/resource_index/package_run_dependencies/endicott
[7.721s] -- Up-to-date: /root/ros2_ws/src/endicott/install/endicott/share/ament_index/resource_index/parent_prefix_path/endicott
[7.721s] -- Up-to-date: /root/ros2_ws/src/endicott/install/endicott/share/endicott/environment/ament_prefix_path.sh
[7.721s] -- Up-to-date: /root/ros2_ws/src/endicott/install/endicott/share/endicott/environment/ament_prefix_path.dsv
[7.721s] -- Up-to-date: /root/ros2_ws/src/endicott/install/endicott/share/endicott/environment/path.sh
[7.721s] -- Up-to-date: /root/ros2_ws/src/endicott/install/endicott/share/endicott/environment/path.dsv
[7.721s] -- Up-to-date: /root/ros2_ws/src/endicott/install/endicott/share/endicott/local_setup.bash
[7.721s] -- Up-to-date: /root/ros2_ws/src/endicott/install/endicott/share/endicott/local_setup.sh
[7.721s] -- Up-to-date: /root/ros2_ws/src/endicott/install/endicott/share/endicott/local_setup.zsh
[7.721s] -- Up-to-date: /root/ros2_ws/src/endicott/install/endicott/share/endicott/local_setup.dsv
[7.721s] -- Installing: /root/ros2_ws/src/endicott/install/endicott/share/endicott/package.dsv
[7.721s] -- Up-to-date: /root/ros2_ws/src/endicott/install/endicott/share/ament_index/resource_index/packages/endicott
[7.721s] -- Up-to-date: /root/ros2_ws/src/endicott/install/endicott/share/endicott/cmake/endicottConfig.cmake
[7.722s] -- Up-to-date: /root/ros2_ws/src/endicott/install/endicott/share/endicott/cmake/endicottConfig-version.cmake
[7.722s] -- Up-to-date: /root/ros2_ws/src/endicott/install/endicott/share/endicott/package.xml
[7.724s] Invoked command in '/root/ros2_ws/src/endicott/build/endicott' returned '0': CMAKE_PREFIX_PATH=${CMAKE_PREFIX_PATH}:/opt/ros/humble /usr/bin/cmake --install /root/ros2_ws/src/endicott/build/endicott
